<?xml version="1.0" encoding="UTF-8"?>
<!-- Generated by org.testng.reporters.JUnitXMLReporter -->
<testsuite ignored="4" hostname="Surabhi-PC" failures="0" tests="3" name="Test2" time="107.705" errors="0" timestamp="2023-03-26T16:44:54 CST">
  <testcase classname="com.obsquara.scripts.LoginPageTest" name="verifyUserisAbleToLoginWitvalidloginfunction" time="9.106"/>
  <testcase classname="com.obsquara.scripts.LoginPageTest" name="checkSignOut" time="9.616"/>
  <testcase classname="com.obsquara.scripts.TaxRatePageTest" name="verifyWhetherTheUserCanAddNewTaxRate" time="16.651"/>
  <testcase classname="com.obsquara.scripts.Unitspagetest" name="verifyUsesrCanAddNewUnit" time="0.0">
    <ignored/>
  </testcase> <!-- verifyUsesrCanAddNewUnit -->
  <testcase classname="com.obsquara.scripts.LoginPageTest" name="verifyUserIsNotAbleToLoginWitInvalidPassword" time="0.0">
    <ignored/>
  </testcase> <!-- verifyUserIsNotAbleToLoginWitInvalidPassword -->
  <testcase classname="com.obsquara.scripts.LoginPageTest" name="verifyUserIsNotAbleToLoginWitInvalidUsername" time="0.0">
    <ignored/>
  </testcase> <!-- verifyUserIsNotAbleToLoginWitInvalidUsername -->
  <testcase classname="com.obsquara.scripts.LoginPageTest" name="verifyUserIsNotAbleToLoginWitInvalidloginfunction" time="0.0">
    <ignored/>
  </testcase> <!-- verifyUserIsNotAbleToLoginWitInvalidloginfunction -->
</testsuite> <!-- Test2 -->
