<?xml version="1.0" encoding="UTF-8"?>
<!-- Generated by org.testng.reporters.JUnitXMLReporter -->
<testsuite ignored="0" hostname="Surabhi-PC" failures="0" tests="31" name="Test" time="643.03" errors="0" timestamp="2023-04-09T14:57:14 CST">
  <testcase classname="com.obsquara.scripts.RolesPageTest" name="verifyTheUserCanAddNewRole" time="13.771"/>
  <testcase classname="com.obsquara.scripts.RolesPageTest" name="verifyTheUserCanDeleteRole" time="9.461"/>
  <testcase classname="com.obsquara.scripts.BrandpageTest" name="verifyUserCanAddNewBrand" time="10.617"/>
  <testcase classname="com.obsquara.scripts.ProductPageTest" name="verifyWhethertheUserCaNAddNewProduct" time="27.151"/>
  <testcase classname="com.obsquara.scripts.Userpagetest" name="verifyWhetherNewUserCanSuccessfullyAdded" time="16.56"/>
  <testcase classname="com.obsquara.scripts.Userpagetest" name="verifyWhetehraUserCanviewalreadyRegisterdUserDetails" time="9.586"/>
  <testcase classname="com.obsquara.scripts.Userpagetest" name="verifyWhetehraUserCanSuccessfullyDelete" time="10.283"/>
  <testcase classname="com.obsquara.scripts.StockAdjustmentPageTest" name="whetherUserCanAddNewStockAdjustment" time="11.165"/>
  <testcase classname="com.obsquara.scripts.HomepageTest" name="checkHomePageloaded" time="3.974"/>
  <testcase classname="com.obsquara.scripts.HomepageTest" name="verifyCalcutatorShowingWhileClickingOnCalculatorIcon" time="5.819">
    <skipped/>
  </testcase> <!-- verifyCalcutatorShowingWhileClickingOnCalculatorIcon -->
  <testcase classname="com.obsquara.scripts.HomepageTest" name="verifyCalcutatorShowingWhileClickingOnCalculatorIcon" time="6.247">
    <skipped/>
  </testcase> <!-- verifyCalcutatorShowingWhileClickingOnCalculatorIcon -->
  <testcase classname="com.obsquara.scripts.HomepageTest" name="verifyCalcutatorShowingWhileClickingOnCalculatorIcon" time="4.907"/>
  <testcase classname="com.obsquara.scripts.HomepageTest" name="verifyNotificationmessageShowingUponClickingBellButton" time="7.464"/>
  <testcase classname="com.obsquara.scripts.HomepageTest" name="verifyWelcomeMessageShowingAsExpected" time="6.044"/>
  <testcase classname="com.obsquara.scripts.InvoiceSettingsPageTest" name="verifyUserCanAddNewInvoiceSettings" time="9.286"/>
  <testcase classname="com.obsquara.scripts.ProfilepageTest" name="IsProfilePageLoadedSuccesfully" time="8.74"/>
  <testcase classname="com.obsquara.scripts.ProfilepageTest" name="verifyUserCanEditProfile" time="11.931"/>
  <testcase classname="com.obsquara.scripts.BarCodePageTest" name="verifyUserCanAddNewBarCodeToProducts" time="18.003"/>
  <testcase classname="com.obsquara.scripts.BarCodePageTest" name="verifyUserCanDeleteBarCodeS" time="8.889"/>
  <testcase classname="com.obsquara.scripts.Expensepagetest" name="verifyUserCanAddNewExpense" time="11.565"/>
  <testcase classname="com.obsquara.scripts.Expensepagetest" name="verifyUserCanAddExpenseCategory" time="8.454"/>
  <testcase classname="com.obsquara.scripts.TaxRatePageTest" name="verifyWhetherTheUserCanAddNewTaxRate" time="12.326"/>
  <testcase classname="com.obsquara.scripts.LoginPageTest" name="verifyUserIsNotAbleToLoginWitInvalidloginfunction" time="1.957"/>
  <testcase classname="com.obsquara.scripts.LoginPageTest" name="verifyUserIsNotAbleToLoginWitInvalidPassword" time="1.966"/>
  <testcase classname="com.obsquara.scripts.LoginPageTest" name="verifyUserIsNotAbleToLoginWitInvalidUsername" time="1.736"/>
  <testcase classname="com.obsquara.scripts.LoginPageTest" name="verifyUserisAbleToLoginWitvalidloginfunction" time="4.921"/>
  <testcase classname="com.obsquara.scripts.LoginPageTest" name="checkSignOut" time="6.114"/>
  <testcase classname="com.obsquara.scripts.Unitspagetest" name="verifyUsesrCanAddNewUnit" time="10.159"/>
  <testcase classname="com.obsquara.scripts.CustomerpageTest" name="verifyUserCanAddNewContact" time="8.901"/>
  <testcase classname="com.obsquara.scripts.CustomerpageTest" name="verifyUserCanDeletNewlyAddedCustomerData" time="9.63"/>
  <testcase classname="com.obsquara.scripts.BusinessSettingsPageTest" name="verifyUserCanUpdateBusinessSettings" time="15.574"/>
</testsuite> <!-- Test -->
