<?xml version="1.0" encoding="UTF-8"?>
<!-- Generated by org.testng.reporters.JUnitXMLReporter -->
<testsuite ignored="0" hostname="Surabhi-PC" failures="0" tests="24" name="Command line test" time="6.625" errors="0" timestamp="2023-04-09T17:17:48 CST">
  <testcase classname="com.obsquara.scripts.TestHelper" name="@BeforeMethod launchbrowser" time="-1.681031860902E9">
    <failure type="org.testng.TestNGException" message="
Parameter &amp;apos;browser&amp;apos; is required by BeforeMethod on method launchbrowser but has not been marked @Optional or defined
">
      <![CDATA[org.testng.TestNGException: 
Parameter 'browser' is required by BeforeMethod on method launchbrowser but has not been marked @Optional or defined

at java.base/java.util.ArrayList.forEach(ArrayList.java:1541)
... Removed 38 stack frames]]>
    </failure>
  </testcase> <!-- @BeforeMethod launchbrowser -->
  <testcase classname="com.obsquara.scripts.TestHelper" name="@AfterMethod closeBrowser" time="-1.681031860932E9">
    <skipped/>
  </testcase> <!-- @AfterMethod closeBrowser -->
  <testcase classname="com.obsquara.scripts.TestHelper" name="@BeforeMethod launchbrowser" time="-1.681031860935E9">
    <skipped/>
  </testcase> <!-- @BeforeMethod launchbrowser -->
  <testcase classname="com.obsquara.scripts.TestHelper" name="@AfterMethod closeBrowser" time="-1.681031860937E9">
    <skipped/>
  </testcase> <!-- @AfterMethod closeBrowser -->
  <testcase classname="com.obsquara.scripts.TestHelper" name="@BeforeMethod launchbrowser" time="-1.681031860948E9">
    <failure type="org.testng.TestNGException" message="
Parameter &amp;apos;browser&amp;apos; is required by BeforeMethod on method launchbrowser but has not been marked @Optional or defined
">
      <![CDATA[org.testng.TestNGException: 
Parameter 'browser' is required by BeforeMethod on method launchbrowser but has not been marked @Optional or defined

at java.base/java.util.ArrayList.forEach(ArrayList.java:1541)
... Removed 38 stack frames]]>
    </failure>
  </testcase> <!-- @BeforeMethod launchbrowser -->
  <testcase classname="com.obsquara.scripts.TestHelper" name="@AfterMethod closeBrowser" time="-1.68103186095E9">
    <skipped/>
  </testcase> <!-- @AfterMethod closeBrowser -->
  <testcase classname="com.obsquara.scripts.TestHelper" name="@BeforeMethod launchbrowser" time="-1.681031860952E9">
    <failure type="org.testng.TestNGException" message="
Parameter &amp;apos;browser&amp;apos; is required by BeforeMethod on method launchbrowser but has not been marked @Optional or defined
">
      <![CDATA[org.testng.TestNGException: 
Parameter 'browser' is required by BeforeMethod on method launchbrowser but has not been marked @Optional or defined

at java.base/java.util.ArrayList.forEach(ArrayList.java:1541)
... Removed 38 stack frames]]>
    </failure>
  </testcase> <!-- @BeforeMethod launchbrowser -->
  <testcase classname="com.obsquara.scripts.TestHelper" name="@AfterMethod closeBrowser" time="-1.681031860954E9">
    <skipped/>
  </testcase> <!-- @AfterMethod closeBrowser -->
  <testcase classname="com.obsquara.scripts.TestHelper" name="@BeforeMethod launchbrowser" time="-1.681031860956E9">
    <failure type="org.testng.TestNGException" message="
Parameter &amp;apos;browser&amp;apos; is required by BeforeMethod on method launchbrowser but has not been marked @Optional or defined
">
      <![CDATA[org.testng.TestNGException: 
Parameter 'browser' is required by BeforeMethod on method launchbrowser but has not been marked @Optional or defined

at java.base/java.util.ArrayList.forEach(ArrayList.java:1541)
... Removed 38 stack frames]]>
    </failure>
  </testcase> <!-- @BeforeMethod launchbrowser -->
  <testcase classname="com.obsquara.scripts.TestHelper" name="@AfterMethod closeBrowser" time="-1.681031860959E9">
    <skipped/>
  </testcase> <!-- @AfterMethod closeBrowser -->
  <testcase classname="com.obsquara.scripts.TestHelper" name="@BeforeMethod launchbrowser" time="-1.681031860961E9">
    <failure type="org.testng.TestNGException" message="
Parameter &amp;apos;browser&amp;apos; is required by BeforeMethod on method launchbrowser but has not been marked @Optional or defined
">
      <![CDATA[org.testng.TestNGException: 
Parameter 'browser' is required by BeforeMethod on method launchbrowser but has not been marked @Optional or defined

at java.base/java.util.ArrayList.forEach(ArrayList.java:1541)
... Removed 38 stack frames]]>
    </failure>
  </testcase> <!-- @BeforeMethod launchbrowser -->
  <testcase classname="com.obsquara.scripts.TestHelper" name="@AfterMethod closeBrowser" time="-1.681031860965E9">
    <skipped/>
  </testcase> <!-- @AfterMethod closeBrowser -->
  <testcase classname="com.obsquara.scripts.TestHelper" name="@BeforeMethod launchbrowser" time="-1.681031860967E9">
    <skipped/>
  </testcase> <!-- @BeforeMethod launchbrowser -->
  <testcase classname="com.obsquara.scripts.TestHelper" name="@AfterMethod closeBrowser" time="-1.681031860968E9">
    <skipped/>
  </testcase> <!-- @AfterMethod closeBrowser -->
  <testcase classname="com.obsquara.scripts.TestHelper" name="@BeforeMethod launchbrowser" time="-1.68103186097E9">
    <failure type="org.testng.TestNGException" message="
Parameter &amp;apos;browser&amp;apos; is required by BeforeMethod on method launchbrowser but has not been marked @Optional or defined
">
      <![CDATA[org.testng.TestNGException: 
Parameter 'browser' is required by BeforeMethod on method launchbrowser but has not been marked @Optional or defined

at java.base/java.util.ArrayList.forEach(ArrayList.java:1541)
... Removed 38 stack frames]]>
    </failure>
  </testcase> <!-- @BeforeMethod launchbrowser -->
  <testcase classname="com.obsquara.scripts.TestHelper" name="@AfterMethod closeBrowser" time="-1.681031860973E9">
    <skipped/>
  </testcase> <!-- @AfterMethod closeBrowser -->
  <testcase classname="com.obsquara.scripts.TestHelper" name="@BeforeMethod launchbrowser" time="-1.681031860974E9">
    <skipped/>
  </testcase> <!-- @BeforeMethod launchbrowser -->
  <testcase classname="com.obsquara.scripts.TestHelper" name="@AfterMethod closeBrowser" time="-1.681031860975E9">
    <skipped/>
  </testcase> <!-- @AfterMethod closeBrowser -->
  <testcase classname="com.obsquara.scripts.TestHelper" name="@BeforeMethod launchbrowser" time="-1.681031860976E9">
    <skipped/>
  </testcase> <!-- @BeforeMethod launchbrowser -->
  <testcase classname="com.obsquara.scripts.TestHelper" name="@AfterMethod closeBrowser" time="-1.681031860978E9">
    <skipped/>
  </testcase> <!-- @AfterMethod closeBrowser -->
  <testcase classname="com.obsquara.scripts.TestHelper" name="@BeforeMethod launchbrowser" time="-1.681031860979E9">
    <skipped/>
  </testcase> <!-- @BeforeMethod launchbrowser -->
  <testcase classname="com.obsquara.scripts.TestHelper" name="@AfterMethod closeBrowser" time="-1.68103186098E9">
    <skipped/>
  </testcase> <!-- @AfterMethod closeBrowser -->
  <testcase classname="com.obsquara.scripts.TestHelper" name="@BeforeMethod launchbrowser" time="-1.681031860981E9">
    <failure type="org.testng.TestNGException" message="
Parameter &amp;apos;browser&amp;apos; is required by BeforeMethod on method launchbrowser but has not been marked @Optional or defined
">
      <![CDATA[org.testng.TestNGException: 
Parameter 'browser' is required by BeforeMethod on method launchbrowser but has not been marked @Optional or defined

at java.base/java.util.ArrayList.forEach(ArrayList.java:1541)
... Removed 38 stack frames]]>
    </failure>
  </testcase> <!-- @BeforeMethod launchbrowser -->
  <testcase classname="com.obsquara.scripts.TestHelper" name="@AfterMethod closeBrowser" time="-1.681031860984E9">
    <skipped/>
  </testcase> <!-- @AfterMethod closeBrowser -->
  <testcase classname="com.obsquara.scripts.TestHelper" name="@BeforeMethod launchbrowser" time="-1.681031863122E9">
    <failure type="org.testng.TestNGException" message="
Parameter &amp;apos;browser&amp;apos; is required by BeforeMethod on method launchbrowser but has not been marked @Optional or defined
">
      <![CDATA[org.testng.TestNGException: 
Parameter 'browser' is required by BeforeMethod on method launchbrowser but has not been marked @Optional or defined

at java.base/java.util.ArrayList.forEach(ArrayList.java:1541)
... Removed 38 stack frames]]>
    </failure>
  </testcase> <!-- @BeforeMethod launchbrowser -->
  <testcase classname="com.obsquara.scripts.TestHelper" name="@AfterMethod closeBrowser" time="-1.681031863125E9">
    <skipped/>
  </testcase> <!-- @AfterMethod closeBrowser -->
  <testcase classname="com.obsquara.scripts.TestHelper" name="@BeforeMethod launchbrowser" time="-1.681031864215E9">
    <skipped/>
  </testcase> <!-- @BeforeMethod launchbrowser -->
  <testcase classname="com.obsquara.scripts.TestHelper" name="@AfterMethod closeBrowser" time="-1.681031864217E9">
    <skipped/>
  </testcase> <!-- @AfterMethod closeBrowser -->
  <testcase classname="com.obsquara.scripts.TestHelper" name="@BeforeMethod launchbrowser" time="-1.681031865251E9">
    <skipped/>
  </testcase> <!-- @BeforeMethod launchbrowser -->
  <testcase classname="com.obsquara.scripts.TestHelper" name="@AfterMethod closeBrowser" time="-1.681031865252E9">
    <skipped/>
  </testcase> <!-- @AfterMethod closeBrowser -->
  <testcase classname="com.obsquara.scripts.TestHelper" name="@BeforeMethod launchbrowser" time="-1.681031865253E9">
    <skipped/>
  </testcase> <!-- @BeforeMethod launchbrowser -->
  <testcase classname="com.obsquara.scripts.TestHelper" name="@AfterMethod closeBrowser" time="-1.681031865254E9">
    <skipped/>
  </testcase> <!-- @AfterMethod closeBrowser -->
  <testcase classname="com.obsquara.scripts.TestHelper" name="@BeforeMethod launchbrowser" time="-1.681031865255E9">
    <skipped/>
  </testcase> <!-- @BeforeMethod launchbrowser -->
  <testcase classname="com.obsquara.scripts.TestHelper" name="@AfterMethod closeBrowser" time="-1.681031865256E9">
    <skipped/>
  </testcase> <!-- @AfterMethod closeBrowser -->
  <testcase classname="com.obsquara.scripts.TestHelper" name="@BeforeMethod launchbrowser" time="-1.681031866964E9">
    <failure type="org.testng.TestNGException" message="
Parameter &amp;apos;browser&amp;apos; is required by BeforeMethod on method launchbrowser but has not been marked @Optional or defined
">
      <![CDATA[org.testng.TestNGException: 
Parameter 'browser' is required by BeforeMethod on method launchbrowser but has not been marked @Optional or defined

at java.base/java.util.ArrayList.forEach(ArrayList.java:1541)
... Removed 38 stack frames]]>
    </failure>
  </testcase> <!-- @BeforeMethod launchbrowser -->
  <testcase classname="com.obsquara.scripts.TestHelper" name="@AfterMethod closeBrowser" time="-1.681031866982E9">
    <skipped/>
  </testcase> <!-- @AfterMethod closeBrowser -->
  <testcase classname="com.obsquara.scripts.TestHelper" name="@BeforeMethod launchbrowser" time="-1.681031866983E9">
    <failure type="org.testng.TestNGException" message="
Parameter &amp;apos;browser&amp;apos; is required by BeforeMethod on method launchbrowser but has not been marked @Optional or defined
">
      <![CDATA[org.testng.TestNGException: 
Parameter 'browser' is required by BeforeMethod on method launchbrowser but has not been marked @Optional or defined

at java.base/java.util.ArrayList.forEach(ArrayList.java:1541)
... Removed 38 stack frames]]>
    </failure>
  </testcase> <!-- @BeforeMethod launchbrowser -->
  <testcase classname="com.obsquara.scripts.TestHelper" name="@AfterMethod closeBrowser" time="-1.681031866987E9">
    <skipped/>
  </testcase> <!-- @AfterMethod closeBrowser -->
  <testcase classname="com.obsquara.scripts.TestHelper" name="@BeforeMethod launchbrowser" time="-1.681031866988E9">
    <skipped/>
  </testcase> <!-- @BeforeMethod launchbrowser -->
  <testcase classname="com.obsquara.scripts.TestHelper" name="@AfterMethod closeBrowser" time="-1.681031866989E9">
    <skipped/>
  </testcase> <!-- @AfterMethod closeBrowser -->
  <testcase classname="com.obsquara.scripts.TestHelper" name="@BeforeMethod launchbrowser" time="-1.68103186699E9">
    <failure type="org.testng.TestNGException" message="
Parameter &amp;apos;browser&amp;apos; is required by BeforeMethod on method launchbrowser but has not been marked @Optional or defined
">
      <![CDATA[org.testng.TestNGException: 
Parameter 'browser' is required by BeforeMethod on method launchbrowser but has not been marked @Optional or defined

at java.base/java.util.ArrayList.forEach(ArrayList.java:1541)
... Removed 38 stack frames]]>
    </failure>
  </testcase> <!-- @BeforeMethod launchbrowser -->
  <testcase classname="com.obsquara.scripts.TestHelper" name="@AfterMethod closeBrowser" time="-1.681031866992E9">
    <skipped/>
  </testcase> <!-- @AfterMethod closeBrowser -->
  <testcase classname="com.obsquara.scripts.TestHelper" name="@BeforeMethod launchbrowser" time="-1.681031866993E9">
    <skipped/>
  </testcase> <!-- @BeforeMethod launchbrowser -->
  <testcase classname="com.obsquara.scripts.TestHelper" name="@AfterMethod closeBrowser" time="-1.681031866994E9">
    <skipped/>
  </testcase> <!-- @AfterMethod closeBrowser -->
  <testcase classname="com.obsquara.scripts.TestHelper" name="@BeforeMethod launchbrowser" time="-1.681031866995E9">
    <failure type="org.testng.TestNGException" message="
Parameter &amp;apos;browser&amp;apos; is required by BeforeMethod on method launchbrowser but has not been marked @Optional or defined
">
      <![CDATA[org.testng.TestNGException: 
Parameter 'browser' is required by BeforeMethod on method launchbrowser but has not been marked @Optional or defined

at java.base/java.util.ArrayList.forEach(ArrayList.java:1541)
... Removed 38 stack frames]]>
    </failure>
  </testcase> <!-- @BeforeMethod launchbrowser -->
  <testcase classname="com.obsquara.scripts.TestHelper" name="@AfterMethod closeBrowser" time="-1.681031866997E9">
    <skipped/>
  </testcase> <!-- @AfterMethod closeBrowser -->
  <testcase classname="com.obsquara.scripts.TestHelper" name="@BeforeMethod launchbrowser" time="-1.681031866998E9">
    <failure type="org.testng.TestNGException" message="
Parameter &amp;apos;browser&amp;apos; is required by BeforeMethod on method launchbrowser but has not been marked @Optional or defined
">
      <![CDATA[org.testng.TestNGException: 
Parameter 'browser' is required by BeforeMethod on method launchbrowser but has not been marked @Optional or defined

at java.base/java.util.ArrayList.forEach(ArrayList.java:1541)
... Removed 38 stack frames]]>
    </failure>
  </testcase> <!-- @BeforeMethod launchbrowser -->
  <testcase classname="com.obsquara.scripts.TestHelper" name="@AfterMethod closeBrowser" time="-1.681031867003E9">
    <skipped/>
  </testcase> <!-- @AfterMethod closeBrowser -->
  <testcase classname="com.obsquara.scripts.BarCodePageTest" name="verifyUserCanAddNewBarCodeToProducts" time="0.0">
    <skipped/>
  </testcase> <!-- verifyUserCanAddNewBarCodeToProducts -->
  <testcase classname="com.obsquara.scripts.BarCodePageTest" name="verifyUserCanDeleteBarCodeS" time="0.0">
    <skipped/>
  </testcase> <!-- verifyUserCanDeleteBarCodeS -->
  <testcase classname="com.obsquara.scripts.BrandpageTest" name="verifyUserCanAddNewBrand" time="0.0">
    <skipped/>
  </testcase> <!-- verifyUserCanAddNewBrand -->
  <testcase classname="com.obsquara.scripts.BusinessSettingsPageTest" name="verifyUserCanUpdateBusinessSettings" time="0.0">
    <skipped/>
  </testcase> <!-- verifyUserCanUpdateBusinessSettings -->
  <testcase classname="com.obsquara.scripts.CategoryPageTest" name="verifyUserCanAddNewCategories" time="0.0">
    <skipped/>
  </testcase> <!-- verifyUserCanAddNewCategories -->
  <testcase classname="com.obsquara.scripts.CustomerpageTest" name="verifyUserCanAddNewContact" time="0.0">
    <skipped/>
  </testcase> <!-- verifyUserCanAddNewContact -->
  <testcase classname="com.obsquara.scripts.CustomerpageTest" name="verifyUserCanDeletNewlyAddedCustomerData" time="0.0">
    <skipped/>
  </testcase> <!-- verifyUserCanDeletNewlyAddedCustomerData -->
  <testcase classname="com.obsquara.scripts.HomepageTest" name="checkHomePageloaded" time="0.0">
    <skipped/>
  </testcase> <!-- checkHomePageloaded -->
  <testcase classname="com.obsquara.scripts.HomepageTest" name="verifyCalcutatorShowingWhileClickingOnCalculatorIcon" time="0.0">
    <skipped/>
  </testcase> <!-- verifyCalcutatorShowingWhileClickingOnCalculatorIcon -->
  <testcase classname="com.obsquara.scripts.HomepageTest" name="verifyNotificationmessageShowingUponClickingBellButton" time="0.0">
    <skipped/>
  </testcase> <!-- verifyNotificationmessageShowingUponClickingBellButton -->
  <testcase classname="com.obsquara.scripts.HomepageTest" name="verifyWelcomeMessageShowingAsExpected" time="0.0">
    <skipped/>
  </testcase> <!-- verifyWelcomeMessageShowingAsExpected -->
  <testcase classname="com.obsquara.scripts.InvoiceSettingsPageTest" name="verifyUserCanAddNewInvoiceSettings" time="0.0">
    <skipped/>
  </testcase> <!-- verifyUserCanAddNewInvoiceSettings -->
  <testcase classname="com.obsquara.scripts.LoginPageTest" name="verifyUserIsNotAbleToLoginWitInvalidloginfunction" time="0.0">
    <skipped/>
  </testcase> <!-- verifyUserIsNotAbleToLoginWitInvalidloginfunction -->
  <testcase classname="com.obsquara.scripts.LoginPageTest" name="verifyUserIsNotAbleToLoginWitInvalidPassword" time="0.0">
    <skipped/>
  </testcase> <!-- verifyUserIsNotAbleToLoginWitInvalidPassword -->
  <testcase classname="com.obsquara.scripts.LoginPageTest" name="verifyUserIsNotAbleToLoginWitInvalidUsername" time="0.0">
    <skipped/>
  </testcase> <!-- verifyUserIsNotAbleToLoginWitInvalidUsername -->
  <testcase classname="com.obsquara.scripts.LoginPageTest" name="verifyUserisAbleToLoginWitvalidloginfunction" time="0.0">
    <skipped/>
  </testcase> <!-- verifyUserisAbleToLoginWitvalidloginfunction -->
  <testcase classname="com.obsquara.scripts.LoginPageTest" name="checkSignOut" time="0.0">
    <skipped/>
  </testcase> <!-- checkSignOut -->
  <testcase classname="com.obsquara.scripts.ProductPageTest" name="verifyWhethertheUserCaNAddNewProduct" time="0.0">
    <skipped/>
  </testcase> <!-- verifyWhethertheUserCaNAddNewProduct -->
  <testcase classname="com.obsquara.scripts.ProfilepageTest" name="IsProfilePageLoadedSuccesfully" time="0.0">
    <skipped/>
  </testcase> <!-- IsProfilePageLoadedSuccesfully -->
  <testcase classname="com.obsquara.scripts.ProfilepageTest" name="verifyUserCanEditProfile" time="0.0">
    <skipped/>
  </testcase> <!-- verifyUserCanEditProfile -->
  <testcase classname="com.obsquara.scripts.RolesPageTest" name="verifyTheUserCanAddNewRole" time="0.0">
    <skipped/>
  </testcase> <!-- verifyTheUserCanAddNewRole -->
  <testcase classname="com.obsquara.scripts.RolesPageTest" name="verifyTheUserCanDeleteRole" time="0.0">
    <skipped/>
  </testcase> <!-- verifyTheUserCanDeleteRole -->
  <testcase classname="com.obsquara.scripts.StockAdjustmentPageTest" name="whetherUserCanAddNewStockAdjustment" time="0.0">
    <skipped/>
  </testcase> <!-- whetherUserCanAddNewStockAdjustment -->
  <testcase classname="com.obsquara.scripts.TaxRatePageTest" name="verifyWhetherTheUserCanAddNewTaxRate" time="0.0">
    <skipped/>
  </testcase> <!-- verifyWhetherTheUserCanAddNewTaxRate -->
</testsuite> <!-- Command line test -->
