<?xml version="1.0" encoding="UTF-8"?>
<testng-results ignored="0" total="1" passed="1" failed="0" skipped="0">
  <reporter-output>
  </reporter-output>
  <suite started-at="2023-03-29T22:18:29 CST" name="Suite" finished-at="2023-03-29T22:19:35 CST" duration-ms="65593">
    <groups>
      <group name="Sanity">
        <method signature="TaxRatePageTest.verifyWhetherTheUserCanAddNewTaxRate()[pri:0, instance:com.obsquara.scripts.TaxRatePageTest@48974e45]" name="verifyWhetherTheUserCanAddNewTaxRate" class="com.obsquara.scripts.TaxRatePageTest"/>
      </group> <!-- Sanity -->
    </groups>
    <test started-at="2023-03-29T22:18:29 CST" name="Test" finished-at="2023-03-29T22:19:35 CST" duration-ms="65593">
      <class name="com.obsquara.scripts.TaxRatePageTest">
        <test-method is-config="true" signature="launchbrowser(java.lang.String)[pri:0, instance:com.obsquara.scripts.TaxRatePageTest@48974e45]" started-at="2023-03-29T22:18:30 CST" name="launchbrowser" finished-at="2023-03-29T22:19:22 CST" duration-ms="52046" status="PASS">
          <params>
            <param index="0">
              <value>
                <![CDATA[Chrome]]>
              </value>
            </param>
          </params>
          <reporter-output>
          </reporter-output>
        </test-method> <!-- launchbrowser -->
        <test-method signature="verifyWhetherTheUserCanAddNewTaxRate()[pri:0, instance:com.obsquara.scripts.TaxRatePageTest@48974e45]" started-at="2023-03-29T22:19:22 CST" name="verifyWhetherTheUserCanAddNewTaxRate" finished-at="2023-03-29T22:19:35 CST" duration-ms="12734" status="PASS">
          <reporter-output>
          </reporter-output>
        </test-method> <!-- verifyWhetherTheUserCanAddNewTaxRate -->
        <test-method is-config="true" signature="closeBrowser(org.testng.ITestResult)[pri:0, instance:com.obsquara.scripts.TaxRatePageTest@48974e45]" started-at="2023-03-29T22:19:35 CST" name="closeBrowser" finished-at="2023-03-29T22:19:35 CST" duration-ms="259" status="PASS">
          <params>
            <param index="0">
              <value>
                <![CDATA[[TestResult name=verifyWhetherTheUserCanAddNewTaxRate status=SUCCESS method=TaxRatePageTest.verifyWhetherTheUserCanAddNewTaxRate()[pri:0, instance:com.obsquara.scripts.TaxRatePageTest@48974e45] output={null}]]]>
              </value>
            </param>
          </params>
          <reporter-output>
          </reporter-output>
        </test-method> <!-- closeBrowser -->
      </class> <!-- com.obsquara.scripts.TaxRatePageTest -->
    </test> <!-- Test -->
  </suite> <!-- Suite -->
</testng-results>
