<?xml version="1.0" encoding="UTF-8"?>
<testng-results ignored="0" total="1" passed="1" failed="0" skipped="0">
  <reporter-output>
  </reporter-output>
  <suite started-at="2023-03-24T17:12:00 CST" name="Suite" finished-at="2023-03-24T17:12:23 CST" duration-ms="23656">
    <groups>
    </groups>
    <test started-at="2023-03-24T17:12:00 CST" name="Test" finished-at="2023-03-24T17:12:23 CST" duration-ms="23656">
      <class name="com.obsquara.scripts.CategoryPageTest">
        <test-method is-config="true" signature="launchbrowser(java.lang.String)[pri:0, instance:com.obsquara.scripts.CategoryPageTest@5f9b2141]" started-at="2023-03-24T17:12:00 CST" name="launchbrowser" finished-at="2023-03-24T17:12:13 CST" duration-ms="13114" status="PASS">
          <params>
            <param index="0">
              <value>
                <![CDATA[Chrome]]>
              </value>
            </param>
          </params>
          <reporter-output>
          </reporter-output>
        </test-method> <!-- launchbrowser -->
        <test-method signature="verifyUserCanAddNewCategories()[pri:0, instance:com.obsquara.scripts.CategoryPageTest@5f9b2141]" started-at="2023-03-24T17:12:13 CST" name="verifyUserCanAddNewCategories" finished-at="2023-03-24T17:12:23 CST" duration-ms="9846" status="PASS">
          <reporter-output>
          </reporter-output>
        </test-method> <!-- verifyUserCanAddNewCategories -->
      </class> <!-- com.obsquara.scripts.CategoryPageTest -->
    </test> <!-- Test -->
  </suite> <!-- Suite -->
</testng-results>
